<?xml version="1.0" encoding="UTF-8"?>
<!-- Generated by org.testng.reporters.JUnitXMLReporter -->
<testsuite ignored="0" hostname="Virus" failures="1" tests="5" name="Default test" time="14.249" errors="0" timestamp="2025-12-15T17:33:26 IST">
  <testcase classname="io.cucumber.testng.AbstractTestNGCucumberTests" name="runScenario" time="3.999"/>
  <testcase classname="io.cucumber.testng.AbstractTestNGCucumberTests" name="runScenario" time="2.278"/>
  <testcase classname="io.cucumber.testng.AbstractTestNGCucumberTests" name="runScenario" time="2.333"/>
  <testcase classname="io.cucumber.testng.AbstractTestNGCucumberTests" name="runScenario" time="2.388"/>
  <testcase classname="io.cucumber.testng.AbstractTestNGCucumberTests" name="runScenario" time="2.674">
    <failure type="java.util.NoSuchElementException" message="Element containing text &amp;apos;Sauce Labs Bolt T-Shirt&amp;apos; not found in given WebElement list">
      <![CDATA[java.util.NoSuchElementException: Element containing text 'Sauce Labs Bolt T-Shirt' not found in given WebElement list
at helper.BaseTest.listOfElementsClickByText(BaseTest.java:278)
at page.LoginPage.add_a_product_add_to_cart(LoginPage.java:61)
at stepDefination.LoginPageSteps.add_a_product_add_to_cart(LoginPageSteps.java:44)
at âœ½.add a product add to cart(file:///D:/Automation/.metadata/com.Automation/com.Automatiom/src/test/java/features/Login.feature:29)
]]>
    </failure>
  </testcase> <!-- runScenario -->
</testsuite> <!-- Default test -->
