<?xml version="1.0" encoding="UTF-8"?>
<!-- Generated by org.testng.reporters.JUnitReportReporter -->
<testsuite hostname="Virus" failures="0" tests="4" name="runner.TestRunner" time="23.987" errors="0" timestamp="2025-12-14T21:34:42 IST" skipped="0">
  <testcase classname="runner.TestRunner" name="runScenario" time="5.175"/>
  <testcase classname="runner.TestRunner" name="runScenario" time="7.975"/>
  <testcase classname="runner.TestRunner" name="runScenario" time="4.311"/>
  <testcase classname="runner.TestRunner" name="runScenario" time="6.526"/>
</testsuite> <!-- runner.TestRunner -->
