<?xml version="1.0" encoding="UTF-8"?>
<!-- Generated by org.testng.reporters.JUnitReportReporter -->
<testsuite hostname="Virus" failures="0" tests="4" name="runner.TestRunner" time="8.504" errors="0" timestamp="2025-12-15T13:23:25 IST" skipped="0">
  <testcase classname="runner.TestRunner" name="runScenario" time="1.775"/>
  <testcase classname="runner.TestRunner" name="runScenario" time="1.879"/>
  <testcase classname="runner.TestRunner" name="runScenario" time="2.837"/>
  <testcase classname="runner.TestRunner" name="runScenario" time="2.013"/>
</testsuite> <!-- runner.TestRunner -->
