<?xml version="1.0" encoding="UTF-8"?>
<!-- Generated by org.testng.reporters.JUnitReportReporter -->
<testsuite hostname="Virus" failures="0" tests="5" name="runner.TestRunner" time="13.672" errors="1" timestamp="2025-12-15T17:33:27 IST" skipped="0">
  <testcase classname="runner.TestRunner" name="runScenario" time="2.333"/>
  <testcase classname="runner.TestRunner" name="runScenario" time="2.278"/>
  <testcase classname="runner.TestRunner" name="runScenario" time="3.999"/>
  <testcase classname="runner.TestRunner" name="runScenario" time="2.388"/>
  <testcase classname="runner.TestRunner" name="runScenario" time="2.674">
    <error message="Element containing text &#039;Sauce Labs Bolt T-Shirt&#039; not found in given WebElement list" type="java.util.NoSuchElementException">
      <![CDATA[java.util.NoSuchElementException: Element containing text 'Sauce Labs Bolt T-Shirt' not found in given WebElement list
at helper.BaseTest.listOfElementsClickByText(BaseTest.java:278)
at page.LoginPage.add_a_product_add_to_cart(LoginPage.java:61)
at stepDefination.LoginPageSteps.add_a_product_add_to_cart(LoginPageSteps.java:44)
at ✽.add a product add to cart(file:///D:/Automation/.metadata/com.Automation/com.Automatiom/src/test/java/features/Login.feature:29)
]]>
    </error>
  </testcase> <!-- runScenario -->
</testsuite> <!-- runner.TestRunner -->
